<?xml version="1.0" encoding="UTF-8"?>
<testsuite xmlns:xsi="http://www.w3.org/2001/XMLSchema-instance" xsi:noNamespaceSchemaLocation="https://maven.apache.org/surefire/maven-surefire-plugin/xsd/surefire-test-report-3.0.xsd" version="3.0" name="org.example.StreamLambdaHandlerTest" time="6.904" tests="2" errors="0" skipped="0" failures="0">
  <properties>
[...]
</properties>
  <testcase name="ping_streamRequest_respondsWithHello" classname="org.example.StreamLambdaHandlerTest" time="0.147">
    <system-out><![CDATA[09:38:51.612 [main] INFO com.amazonaws.serverless.proxy.internal.LambdaContainerHandler -- Starting Lambda Container Handler
Standard Commons Logging discovery in action with spring-jcl: please remove commons-logging.jar from classpath in order to avoid potential conflicts

  .   ____          _            __ _ _
 /\\ / ___'_ __ _ _(_)_ __  __ _ \ \ \ \
( ( )\___ | '_ | '_| | '_ \/ _` | \ \ \ \
 \\/  ___)| |_)| | | | | || (_| |  ) ) ) )
  '  |____| .__|_| |_|_| |_\__, | / / / /
 =========|_|==============|___/=/_/_/_/
 :: Spring Boot ::                (v3.2.7)

]]></system-out>
  </testcase>
  <testcase name="invalidResource_streamRequest_responds404" classname="org.example.StreamLambdaHandlerTest" time="0.007"/>
</testsuite>